2023-10-11 16:00:29 467 [main] DEBUG org.apache.ibatis.logging.LogFactory - Logging initialized using 'class org.apache.ibatis.logging.log4j2.Log4j2Impl' adapter.
2023-10-11 16:05:01 808 [main] DEBUG org.apache.ibatis.logging.LogFactory - Logging initialized using 'class org.apache.ibatis.logging.log4j2.Log4j2Impl' adapter.
2023-10-11 16:05:36 604 [main] DEBUG org.apache.ibatis.logging.LogFactory - Logging initialized using 'class org.apache.ibatis.logging.log4j2.Log4j2Impl' adapter.
2023-10-11 17:07:55 297 [main] DEBUG org.apache.ibatis.logging.LogFactory - Logging initialized using 'class org.apache.ibatis.logging.log4j2.Log4j2Impl' adapter.
2023-10-11 17:29:18 600 [main] DEBUG org.apache.ibatis.logging.LogFactory - Logging initialized using 'class org.apache.ibatis.logging.log4j2.Log4j2Impl' adapter.
2023-10-11 17:46:25 822 [main] DEBUG org.apache.ibatis.logging.LogFactory - Logging initialized using 'class org.apache.ibatis.logging.log4j2.Log4j2Impl' adapter.
2023-10-11 18:00:27 341 [main] DEBUG org.apache.ibatis.logging.LogFactory - Logging initialized using 'class org.apache.ibatis.logging.log4j2.Log4j2Impl' adapter.
2023-10-11 18:00:27 626 [main] DEBUG org.apache.ibatis.logging.LogFactory - Logging initialized using 'class org.apache.ibatis.logging.log4j2.Log4j2Impl' adapter.
2023-10-11 18:03:18 243 [main] DEBUG org.apache.ibatis.logging.LogFactory - Logging initialized using 'class org.apache.ibatis.logging.log4j2.Log4j2Impl' adapter.
2023-10-11 18:03:18 475 [main] DEBUG org.apache.ibatis.logging.LogFactory - Logging initialized using 'class org.apache.ibatis.logging.log4j2.Log4j2Impl' adapter.
2023-10-11 18:05:29 366 [main] DEBUG org.apache.ibatis.logging.LogFactory - Logging initialized using 'class org.apache.ibatis.logging.log4j2.Log4j2Impl' adapter.
2023-10-11 18:05:29 559 [main] DEBUG org.apache.ibatis.logging.LogFactory - Logging initialized using 'class org.apache.ibatis.logging.log4j2.Log4j2Impl' adapter.
2023-10-11 18:14:22 573 [main] DEBUG org.mybatis.spring.mapper.ClassPathMapperScanner - Identified candidate component class: file [C:\sts3.9-bundle\workspace\MySpringCustomer\target\classes\myspring\customuser\dao\mapper\CustomUserMapper.class]
2023-10-11 18:14:22 761 [main] DEBUG org.apache.ibatis.logging.LogFactory - Logging initialized using 'class org.apache.ibatis.logging.log4j2.Log4j2Impl' adapter.
2023-10-11 18:14:22 885 [main] DEBUG org.mybatis.spring.mapper.ClassPathMapperScanner - Identified candidate component class: file [C:\sts3.9-bundle\workspace\MySpringCustomer\target\classes\myspring\customuser\dao\mapper\CustomUserMapper.class]
2023-10-11 18:14:22 925 [main] DEBUG org.apache.ibatis.logging.LogFactory - Logging initialized using 'class org.apache.ibatis.logging.log4j2.Log4j2Impl' adapter.
2023-10-11 18:32:38 265 [main] DEBUG org.mybatis.spring.mapper.ClassPathMapperScanner - Identified candidate component class: file [C:\sts3.9-bundle\workspace\MySpringCustomer\target\classes\myspring\customuser\dao\mapper\CustomUserMapper.class]
2023-10-11 18:32:38 455 [main] DEBUG org.apache.ibatis.logging.LogFactory - Logging initialized using 'class org.apache.ibatis.logging.log4j2.Log4j2Impl' adapter.
2023-10-11 18:32:38 625 [main] DEBUG org.mybatis.spring.mapper.ClassPathMapperScanner - Identified candidate component class: file [C:\sts3.9-bundle\workspace\MySpringCustomer\target\classes\myspring\customuser\dao\mapper\CustomUserMapper.class]
2023-10-11 18:32:38 658 [main] DEBUG org.apache.ibatis.logging.LogFactory - Logging initialized using 'class org.apache.ibatis.logging.log4j2.Log4j2Impl' adapter.
2023-10-11 18:41:35 044 [main] DEBUG org.mybatis.spring.mapper.ClassPathMapperScanner - Identified candidate component class: file [C:\sts3.9-bundle\workspace\MySpringCustomer\target\classes\myspring\customuser\dao\mapper\CustomUserMapper.class]
2023-10-11 18:41:35 257 [main] DEBUG org.apache.ibatis.logging.LogFactory - Logging initialized using 'class org.apache.ibatis.logging.log4j2.Log4j2Impl' adapter.
2023-10-11 18:41:35 474 [main] DEBUG org.mybatis.spring.mapper.ClassPathMapperScanner - Identified candidate component class: file [C:\sts3.9-bundle\workspace\MySpringCustomer\target\classes\myspring\customuser\dao\mapper\CustomUserMapper.class]
2023-10-11 18:41:35 511 [main] DEBUG org.apache.ibatis.logging.LogFactory - Logging initialized using 'class org.apache.ibatis.logging.log4j2.Log4j2Impl' adapter.
2023-10-11 18:42:36 093 [main] DEBUG org.mybatis.spring.mapper.ClassPathMapperScanner - Identified candidate component class: file [C:\sts3.9-bundle\workspace\MySpringCustomer\target\classes\myspring\customuser\dao\mapper\CustomUserMapper.class]
2023-10-11 18:42:36 284 [main] DEBUG org.apache.ibatis.logging.LogFactory - Logging initialized using 'class org.apache.ibatis.logging.log4j2.Log4j2Impl' adapter.
2023-10-11 18:42:36 476 [main] DEBUG org.mybatis.spring.mapper.ClassPathMapperScanner - Identified candidate component class: file [C:\sts3.9-bundle\workspace\MySpringCustomer\target\classes\myspring\customuser\dao\mapper\CustomUserMapper.class]
2023-10-11 18:42:36 536 [main] DEBUG org.apache.ibatis.logging.LogFactory - Logging initialized using 'class org.apache.ibatis.logging.log4j2.Log4j2Impl' adapter.
2023-10-11 18:53:18 869 [main] DEBUG org.mybatis.spring.mapper.ClassPathMapperScanner - Identified candidate component class: file [C:\sts3.9-bundle\workspace\MySpringCustomer\target\classes\myspring\customuser\dao\mapper\CustomUserMapper.class]
2023-10-11 18:53:19 137 [main] DEBUG org.apache.ibatis.logging.LogFactory - Logging initialized using 'class org.apache.ibatis.logging.log4j2.Log4j2Impl' adapter.
2023-10-11 18:53:19 386 [main] DEBUG org.mybatis.spring.mapper.ClassPathMapperScanner - Identified candidate component class: file [C:\sts3.9-bundle\workspace\MySpringCustomer\target\classes\myspring\customuser\dao\mapper\CustomUserMapper.class]
2023-10-11 18:53:19 426 [main] DEBUG org.apache.ibatis.logging.LogFactory - Logging initialized using 'class org.apache.ibatis.logging.log4j2.Log4j2Impl' adapter.
2023-10-11 18:55:55 286 [main] DEBUG org.apache.ibatis.logging.LogFactory - Logging initialized using 'class org.apache.ibatis.logging.log4j2.Log4j2Impl' adapter.
2023-10-11 18:55:55 530 [main] DEBUG org.apache.ibatis.logging.LogFactory - Logging initialized using 'class org.apache.ibatis.logging.log4j2.Log4j2Impl' adapter.
2023-10-11 19:05:16 558 [main] DEBUG org.mybatis.spring.mapper.ClassPathMapperScanner - Identified candidate component class: file [C:\sts3.9-bundle\workspace\MySpringCustomer\target\classes\myspring\customuser\dao\mapper\CustomUserMapper.class]
2023-10-11 19:05:16 734 [main] DEBUG org.apache.ibatis.logging.LogFactory - Logging initialized using 'class org.apache.ibatis.logging.log4j2.Log4j2Impl' adapter.
2023-10-11 19:05:16 977 [main] DEBUG org.mybatis.spring.mapper.ClassPathMapperScanner - Identified candidate component class: file [C:\sts3.9-bundle\workspace\MySpringCustomer\target\classes\myspring\customuser\dao\mapper\CustomUserMapper.class]
2023-10-11 19:05:17 016 [main] DEBUG org.apache.ibatis.logging.LogFactory - Logging initialized using 'class org.apache.ibatis.logging.log4j2.Log4j2Impl' adapter.
2023-10-11 19:07:20 300 [main] DEBUG org.apache.ibatis.logging.LogFactory - Logging initialized using 'class org.apache.ibatis.logging.log4j2.Log4j2Impl' adapter.
2023-10-11 19:07:20 555 [main] DEBUG org.apache.ibatis.logging.LogFactory - Logging initialized using 'class org.apache.ibatis.logging.log4j2.Log4j2Impl' adapter.
2023-10-11 19:08:38 631 [main] DEBUG org.apache.ibatis.logging.LogFactory - Logging initialized using 'class org.apache.ibatis.logging.log4j2.Log4j2Impl' adapter.
2023-10-11 19:08:38 887 [main] DEBUG org.apache.ibatis.logging.LogFactory - Logging initialized using 'class org.apache.ibatis.logging.log4j2.Log4j2Impl' adapter.
2023-10-11 19:10:39 764 [main] DEBUG org.apache.ibatis.logging.LogFactory - Logging initialized using 'class org.apache.ibatis.logging.log4j2.Log4j2Impl' adapter.
2023-10-11 19:10:40 012 [main] DEBUG org.apache.ibatis.logging.LogFactory - Logging initialized using 'class org.apache.ibatis.logging.log4j2.Log4j2Impl' adapter.
2023-10-11 19:10:40 129 [main] DEBUG org.apache.ibatis.logging.LogFactory - Logging initialized using 'class org.apache.ibatis.logging.log4j2.Log4j2Impl' adapter.
2023-10-11 19:11:14 748 [main] DEBUG org.apache.ibatis.logging.LogFactory - Logging initialized using 'class org.apache.ibatis.logging.log4j2.Log4j2Impl' adapter.
2023-10-11 19:11:14 963 [main] DEBUG org.apache.ibatis.logging.LogFactory - Logging initialized using 'class org.apache.ibatis.logging.log4j2.Log4j2Impl' adapter.
2023-10-11 19:11:40 984 [main] DEBUG org.apache.ibatis.logging.LogFactory - Logging initialized using 'class org.apache.ibatis.logging.log4j2.Log4j2Impl' adapter.
2023-10-11 19:11:41 232 [main] DEBUG org.apache.ibatis.logging.LogFactory - Logging initialized using 'class org.apache.ibatis.logging.log4j2.Log4j2Impl' adapter.
2023-10-11 19:18:39 323 [main] DEBUG org.apache.ibatis.logging.LogFactory - Logging initialized using 'class org.apache.ibatis.logging.log4j2.Log4j2Impl' adapter.
2023-10-11 19:18:39 680 [main] DEBUG org.mybatis.spring.SqlSessionUtils - Creating a new SqlSession
2023-10-11 19:18:39 690 [main] DEBUG org.mybatis.spring.SqlSessionUtils - SqlSession [org.apache.ibatis.session.defaults.DefaultSqlSession@2c1b9e4b] was not registered for synchronization because synchronization is not active
2023-10-11 19:18:39 713 [main] DEBUG org.mybatis.spring.transaction.SpringManagedTransaction - JDBC Connection [HikariProxyConnection@1681094402 wrapping org.mariadb.jdbc.Connection@2cf92cc7] will not be managed by Spring
2023-10-11 19:18:39 721 [main] DEBUG userNS.selectCustomUserById - ==>  Preparing: select * from customer where id=?
2023-10-11 19:18:39 747 [main] DEBUG org.mybatis.spring.SqlSessionUtils - Closing non transactional SqlSession [org.apache.ibatis.session.defaults.DefaultSqlSession@2c1b9e4b]
2023-10-11 19:19:22 488 [main] DEBUG org.apache.ibatis.logging.LogFactory - Logging initialized using 'class org.apache.ibatis.logging.log4j2.Log4j2Impl' adapter.
2023-10-11 19:19:22 836 [main] DEBUG org.mybatis.spring.SqlSessionUtils - Creating a new SqlSession
2023-10-11 19:19:22 842 [main] DEBUG org.mybatis.spring.SqlSessionUtils - SqlSession [org.apache.ibatis.session.defaults.DefaultSqlSession@2c1b9e4b] was not registered for synchronization because synchronization is not active
2023-10-11 19:19:22 859 [main] DEBUG org.mybatis.spring.transaction.SpringManagedTransaction - JDBC Connection [HikariProxyConnection@1681094402 wrapping org.mariadb.jdbc.Connection@2cf92cc7] will not be managed by Spring
2023-10-11 19:19:22 867 [main] DEBUG userNS.selectCustomUserById - ==>  Preparing: select * from customer where gender=?
2023-10-11 19:19:22 896 [main] DEBUG userNS.selectCustomUserById - ==> Parameters: 남(String)
2023-10-11 19:19:22 903 [main] DEBUG org.mybatis.spring.SqlSessionUtils - Closing non transactional SqlSession [org.apache.ibatis.session.defaults.DefaultSqlSession@2c1b9e4b]
2023-10-11 19:20:02 651 [main] DEBUG org.apache.ibatis.logging.LogFactory - Logging initialized using 'class org.apache.ibatis.logging.log4j2.Log4j2Impl' adapter.
2023-10-11 19:20:03 000 [main] DEBUG org.mybatis.spring.SqlSessionUtils - Creating a new SqlSession
2023-10-11 19:20:03 006 [main] DEBUG org.mybatis.spring.SqlSessionUtils - SqlSession [org.apache.ibatis.session.defaults.DefaultSqlSession@2c1b9e4b] was not registered for synchronization because synchronization is not active
2023-10-11 19:20:03 022 [main] DEBUG org.mybatis.spring.transaction.SpringManagedTransaction - JDBC Connection [HikariProxyConnection@1681094402 wrapping org.mariadb.jdbc.Connection@2cf92cc7] will not be managed by Spring
2023-10-11 19:20:03 031 [main] DEBUG userNS.selectCustomUserById - ==>  Preparing: select * from customer where id=?
2023-10-11 19:20:03 060 [main] DEBUG userNS.selectCustomUserById - ==> Parameters: 0(Integer)
2023-10-11 19:20:03 090 [main] DEBUG userNS.selectCustomUserById - <==      Total: 0
2023-10-11 19:20:03 094 [main] DEBUG org.mybatis.spring.SqlSessionUtils - Closing non transactional SqlSession [org.apache.ibatis.session.defaults.DefaultSqlSession@2c1b9e4b]
2023-10-11 19:22:58 597 [main] DEBUG org.mybatis.spring.mapper.ClassPathMapperScanner - Identified candidate component class: file [C:\sts3.9-bundle\workspace\MySpringCustomer\target\classes\myspring\customuser\dao\mapper\CustomUserMapper.class]
2023-10-11 19:22:58 782 [main] DEBUG org.apache.ibatis.logging.LogFactory - Logging initialized using 'class org.apache.ibatis.logging.log4j2.Log4j2Impl' adapter.
2023-10-11 19:22:59 178 [main] DEBUG org.mybatis.spring.SqlSessionUtils - Creating a new SqlSession
2023-10-11 19:22:59 182 [main] DEBUG org.mybatis.spring.SqlSessionUtils - SqlSession [org.apache.ibatis.session.defaults.DefaultSqlSession@3a1d593e] was not registered for synchronization because synchronization is not active
2023-10-11 19:22:59 183 [main] DEBUG org.mybatis.spring.SqlSessionUtils - Closing non transactional SqlSession [org.apache.ibatis.session.defaults.DefaultSqlSession@3a1d593e]
2023-10-11 19:24:00 036 [main] DEBUG org.mybatis.spring.mapper.ClassPathMapperScanner - Identified candidate component class: file [C:\sts3.9-bundle\workspace\MySpringCustomer\target\classes\myspring\customuser\dao\mapper\CustomUserMapper.class]
2023-10-11 19:24:00 244 [main] DEBUG org.apache.ibatis.logging.LogFactory - Logging initialized using 'class org.apache.ibatis.logging.log4j2.Log4j2Impl' adapter.
2023-10-11 19:24:00 627 [main] DEBUG org.mybatis.spring.SqlSessionUtils - Creating a new SqlSession
2023-10-11 19:24:00 631 [main] DEBUG org.mybatis.spring.SqlSessionUtils - SqlSession [org.apache.ibatis.session.defaults.DefaultSqlSession@3a1d593e] was not registered for synchronization because synchronization is not active
2023-10-11 19:24:00 632 [main] DEBUG org.mybatis.spring.SqlSessionUtils - Closing non transactional SqlSession [org.apache.ibatis.session.defaults.DefaultSqlSession@3a1d593e]
2023-10-11 19:30:33 500 [main] DEBUG org.mybatis.spring.mapper.ClassPathMapperScanner - Identified candidate component class: file [C:\sts3.9-bundle\workspace\MySpringCustomer\target\classes\myspring\customuser\dao\mapper\CustomUserMapper.class]
2023-10-11 19:30:33 706 [main] DEBUG org.apache.ibatis.logging.LogFactory - Logging initialized using 'class org.apache.ibatis.logging.log4j2.Log4j2Impl' adapter.
2023-10-11 19:30:34 100 [main] DEBUG org.mybatis.spring.SqlSessionUtils - Creating a new SqlSession
2023-10-11 19:30:34 105 [main] DEBUG org.mybatis.spring.SqlSessionUtils - SqlSession [org.apache.ibatis.session.defaults.DefaultSqlSession@3a1d593e] was not registered for synchronization because synchronization is not active
2023-10-11 19:30:34 106 [main] DEBUG org.mybatis.spring.SqlSessionUtils - Closing non transactional SqlSession [org.apache.ibatis.session.defaults.DefaultSqlSession@3a1d593e]
2023-10-11 19:31:03 212 [main] DEBUG org.mybatis.spring.mapper.ClassPathMapperScanner - Identified candidate component class: file [C:\sts3.9-bundle\workspace\MySpringCustomer\target\classes\myspring\customuser\dao\mapper\CustomUserMapper.class]
2023-10-11 19:31:03 402 [main] DEBUG org.apache.ibatis.logging.LogFactory - Logging initialized using 'class org.apache.ibatis.logging.log4j2.Log4j2Impl' adapter.
2023-10-11 19:33:41 658 [main] DEBUG org.mybatis.spring.mapper.ClassPathMapperScanner - Identified candidate component class: file [C:\sts3.9-bundle\workspace\MySpringCustomer\target\classes\myspring\customuser\dao\mapper\CustomUserMapper.class]
2023-10-11 19:33:41 854 [main] DEBUG org.apache.ibatis.logging.LogFactory - Logging initialized using 'class org.apache.ibatis.logging.log4j2.Log4j2Impl' adapter.
2023-10-11 19:33:42 037 [main] DEBUG org.mybatis.spring.SqlSessionUtils - Creating a new SqlSession
2023-10-11 19:33:42 050 [main] DEBUG org.mybatis.spring.SqlSessionUtils - SqlSession [org.apache.ibatis.session.defaults.DefaultSqlSession@2bef51f2] was not registered for synchronization because synchronization is not active
2023-10-11 19:33:42 250 [main] DEBUG org.mybatis.spring.transaction.SpringManagedTransaction - JDBC Connection [HikariProxyConnection@1495161082 wrapping org.mariadb.jdbc.Connection@3954d008] will not be managed by Spring
2023-10-11 19:33:42 257 [main] DEBUG myspring.customuser.dao.mapper.CustomUserMapper.selectCustomUserById - ==>  Preparing: select * from customer where id=?
2023-10-11 19:33:42 282 [main] DEBUG myspring.customuser.dao.mapper.CustomUserMapper.selectCustomUserById - ==> Parameters: 0(Integer)
2023-10-11 19:33:42 297 [main] DEBUG myspring.customuser.dao.mapper.CustomUserMapper.selectCustomUserById - <==      Total: 0
2023-10-11 19:33:42 305 [main] DEBUG org.mybatis.spring.SqlSessionUtils - Closing non transactional SqlSession [org.apache.ibatis.session.defaults.DefaultSqlSession@2bef51f2]
2023-10-11 19:39:13 004 [main] DEBUG org.mybatis.spring.mapper.ClassPathMapperScanner - Identified candidate component class: file [C:\sts3.9-bundle\workspace\MySpringCustomer\target\classes\myspring\customuser\dao\mapper\CustomUserMapper.class]
2023-10-11 19:39:13 212 [main] DEBUG org.apache.ibatis.logging.LogFactory - Logging initialized using 'class org.apache.ibatis.logging.log4j2.Log4j2Impl' adapter.
2023-10-11 19:41:47 936 [main] DEBUG org.mybatis.spring.mapper.ClassPathMapperScanner - Identified candidate component class: file [C:\sts3.9-bundle\workspace\MySpringCustomer\target\classes\myspring\customuser\dao\mapper\CustomUserMapper.class]
2023-10-11 19:41:48 159 [main] DEBUG org.apache.ibatis.logging.LogFactory - Logging initialized using 'class org.apache.ibatis.logging.log4j2.Log4j2Impl' adapter.
2023-10-11 19:44:13 021 [main] DEBUG org.mybatis.spring.mapper.ClassPathMapperScanner - Identified candidate component class: file [C:\sts3.9-bundle\workspace\MySpringCustomer\target\classes\myspring\customuser\dao\mapper\CustomUserMapper.class]
2023-10-11 19:44:13 226 [main] DEBUG org.apache.ibatis.logging.LogFactory - Logging initialized using 'class org.apache.ibatis.logging.log4j2.Log4j2Impl' adapter.
2023-10-11 19:45:02 334 [main] DEBUG org.mybatis.spring.mapper.ClassPathMapperScanner - Identified candidate component class: file [C:\sts3.9-bundle\workspace\MySpringCustomer\target\classes\myspring\customuser\dao\mapper\CustomUserMapper.class]
2023-10-11 19:45:02 527 [main] DEBUG org.apache.ibatis.logging.LogFactory - Logging initialized using 'class org.apache.ibatis.logging.log4j2.Log4j2Impl' adapter.
2023-10-11 19:47:25 590 [main] DEBUG org.mybatis.spring.mapper.ClassPathMapperScanner - Identified candidate component class: file [C:\sts3.9-bundle\workspace\MySpringCustomer\target\classes\myspring\customuser\dao\mapper\CustomUserMapper.class]
2023-10-11 19:47:25 790 [main] DEBUG org.apache.ibatis.logging.LogFactory - Logging initialized using 'class org.apache.ibatis.logging.log4j2.Log4j2Impl' adapter.
2023-10-11 19:52:07 527 [main] DEBUG org.mybatis.spring.mapper.ClassPathMapperScanner - Identified candidate component class: file [C:\sts3.9-bundle\workspace\MySpringCustomer\target\classes\myspring\customuser\dao\mapper\CustomUserMapper.class]
2023-10-11 19:52:07 736 [main] DEBUG org.apache.ibatis.logging.LogFactory - Logging initialized using 'class org.apache.ibatis.logging.log4j2.Log4j2Impl' adapter.
2023-10-11 19:52:22 438 [main] DEBUG org.mybatis.spring.mapper.ClassPathMapperScanner - Identified candidate component class: file [C:\sts3.9-bundle\workspace\MySpringCustomer\target\classes\myspring\customuser\dao\mapper\CustomUserMapper.class]
2023-10-11 19:52:22 628 [main] DEBUG org.apache.ibatis.logging.LogFactory - Logging initialized using 'class org.apache.ibatis.logging.log4j2.Log4j2Impl' adapter.
2023-10-11 19:52:22 825 [main] DEBUG org.mybatis.spring.SqlSessionUtils - Creating a new SqlSession
2023-10-11 19:52:22 837 [main] DEBUG org.mybatis.spring.SqlSessionUtils - SqlSession [org.apache.ibatis.session.defaults.DefaultSqlSession@2bef51f2] was not registered for synchronization because synchronization is not active
2023-10-11 19:52:23 030 [main] DEBUG org.mybatis.spring.transaction.SpringManagedTransaction - JDBC Connection [HikariProxyConnection@1495161082 wrapping org.mariadb.jdbc.Connection@3954d008] will not be managed by Spring
2023-10-11 19:52:23 039 [main] DEBUG myspring.customuser.dao.mapper.CustomUserMapper.selectCustomUserById - ==>  Preparing: select * from customer where id=?
2023-10-11 19:52:23 068 [main] DEBUG myspring.customuser.dao.mapper.CustomUserMapper.selectCustomUserById - ==> Parameters: 0(Integer)
2023-10-11 19:52:23 088 [main] DEBUG myspring.customuser.dao.mapper.CustomUserMapper.selectCustomUserById - <==      Total: 0
2023-10-11 19:52:23 095 [main] DEBUG org.mybatis.spring.SqlSessionUtils - Closing non transactional SqlSession [org.apache.ibatis.session.defaults.DefaultSqlSession@2bef51f2]
2023-10-11 19:53:53 122 [main] DEBUG org.mybatis.spring.mapper.ClassPathMapperScanner - Identified candidate component class: file [C:\sts3.9-bundle\workspace\MySpringCustomer\target\classes\myspring\customuser\dao\mapper\CustomUserMapper.class]
2023-10-11 19:53:53 403 [main] DEBUG org.apache.ibatis.logging.LogFactory - Logging initialized using 'class org.apache.ibatis.logging.log4j2.Log4j2Impl' adapter.
2023-10-11 19:56:22 844 [main] DEBUG org.mybatis.spring.mapper.ClassPathMapperScanner - Identified candidate component class: file [C:\sts3.9-bundle\workspace\MySpringCustomer\target\classes\myspring\customuser\dao\mapper\CustomUserMapper.class]
2023-10-11 19:56:23 052 [main] DEBUG org.apache.ibatis.logging.LogFactory - Logging initialized using 'class org.apache.ibatis.logging.log4j2.Log4j2Impl' adapter.
2023-10-11 19:56:23 234 [main] DEBUG org.mybatis.spring.SqlSessionUtils - Creating a new SqlSession
2023-10-11 19:56:23 248 [main] DEBUG org.mybatis.spring.SqlSessionUtils - SqlSession [org.apache.ibatis.session.defaults.DefaultSqlSession@773f7880] was not registered for synchronization because synchronization is not active
2023-10-11 19:56:23 461 [main] DEBUG org.mybatis.spring.transaction.SpringManagedTransaction - JDBC Connection [HikariProxyConnection@215759534 wrapping org.mariadb.jdbc.Connection@7ef2d7a6] will not be managed by Spring
2023-10-11 19:56:23 467 [main] DEBUG myspring.customuser.dao.mapper.CustomUserMapper.selectCustomUserById - ==>  Preparing: select * from customer where id=?
2023-10-11 19:56:23 489 [main] DEBUG myspring.customuser.dao.mapper.CustomUserMapper.selectCustomUserById - ==> Parameters: 0(Integer)
2023-10-11 19:56:23 506 [main] DEBUG myspring.customuser.dao.mapper.CustomUserMapper.selectCustomUserById - <==      Total: 0
2023-10-11 19:56:23 512 [main] DEBUG org.mybatis.spring.SqlSessionUtils - Closing non transactional SqlSession [org.apache.ibatis.session.defaults.DefaultSqlSession@773f7880]
2023-10-11 19:56:23 529 [main] DEBUG org.mybatis.spring.SqlSessionUtils - Creating a new SqlSession
2023-10-11 19:56:23 529 [main] DEBUG org.mybatis.spring.SqlSessionUtils - SqlSession [org.apache.ibatis.session.defaults.DefaultSqlSession@7df587ef] was not registered for synchronization because synchronization is not active
2023-10-11 19:56:23 533 [main] DEBUG org.mybatis.spring.transaction.SpringManagedTransaction - JDBC Connection [HikariProxyConnection@659937029 wrapping org.mariadb.jdbc.Connection@56db847e] will not be managed by Spring
2023-10-11 19:56:23 534 [main] DEBUG myspring.customuser.dao.mapper.CustomUserMapper.selectCustomUserById - ==>  Preparing: select * from customer where id=?
2023-10-11 19:56:23 534 [main] DEBUG myspring.customuser.dao.mapper.CustomUserMapper.selectCustomUserById - ==> Parameters: 0(Integer)
2023-10-11 19:56:23 535 [main] DEBUG myspring.customuser.dao.mapper.CustomUserMapper.selectCustomUserById - <==      Total: 0
2023-10-11 19:56:23 535 [main] DEBUG org.mybatis.spring.SqlSessionUtils - Closing non transactional SqlSession [org.apache.ibatis.session.defaults.DefaultSqlSession@7df587ef]
